03-04 16:13:43 | INFO    |  
03-04 16:13:43 | INFO    |        *************************************
03-04 16:13:43 | INFO    |         *** CRESM Preprocessing System ***  
03-04 16:13:43 | INFO    |        *************************************


03-04 16:13:43 | INFO    |         Case Name: HB_15km 


03-04 16:13:43 | INFO    |  Reading configuration file...
03-04 16:13:45 | INFO    |  Making directory...
03-04 16:13:45 | INFO    |      Directories for case < HB_15km > created.


03-04 16:13:45 | INFO    |  Modifying namelist files...
03-04 16:13:45 | INFO    |      -> Modified CWPS namelist file: /hydata01/wumej22/CRESM_Preprocessing_System/Case/HB_15km/NMLS/namelist.cwps.HB_15km
03-04 16:13:45 | INFO    |      -> Modified CWRF namelist file: /hydata01/wumej22/CRESM_Preprocessing_System/Case/HB_15km/NMLS/namelist.cwrf.HB_15km
03-04 16:13:45 | INFO    |      -> Modified CRESM namelist file: /hydata01/wumej22/CRESM_Preprocessing_System/Case/HB_15km/NMLS/namelist.cresm.HB_15km
03-04 16:13:45 | INFO    |      -> Modified CF namelist file: /hydata01/wumej22/CRESM_Preprocessing_System/Case/HB_15km/NMLS/namelist.cf.HB_15km
03-04 16:13:45 | INFO    |      -> Modified CoLM namelist file: /hydata01/wumej22/CRESM_Preprocessing_System/Case/HB_15km/NMLS/unstructured_cwrf.colm.HB_15km.icbc
03-04 16:13:45 | INFO    |      -> Modified CoLM namelist file: /hydata01/wumej22/CRESM_Preprocessing_System/Case/HB_15km/NMLS/unstructured_cwrf.colm.HB_15km.run
03-04 16:13:45 | INFO    |      ✓  Modify namelist files finished!


03-04 16:13:45 | INFO    |  [PrepCWRF] *** Show case Domain Info ***
03-04 16:13:45 | INFO    |      ==========> Skip Domain Plot <==========
03-04 16:13:45 | INFO    |      !!! Skip the whole process !!!
03-04 16:13:45 | INFO    |      ◉  Show Domain Complete!


03-04 16:13:45 | INFO    |  [PrepCWRF] *** Making Static Data ***
03-04 16:13:45 | INFO    |  The steps are: ●  Create Geogrid -> Create FVC -> Geog-Post-Process -> Create LAI -> Create IGBP -> Create SAI -> Collect Data ●

03-04 16:13:45 | INFO    |      ==========> Skip Geogrid <==========
03-04 16:13:45 | INFO    |      -> Geogrid Path: /hydata01/wumej22/CRESM_Preprocessing_System/Case/HB_15km/PrepCWRF/First_StaticData/Geogrid/geo_em.d01.nc
03-04 16:13:45 | INFO    |      ✓  Geogrid finished!
03-04 16:13:45 | INFO    |      ==========> Creating FVC Data <==========
03-04 16:14:02 | INFO    |      -> MODIS FVC Path: /hydata01/wumej22/CRESM_Preprocessing_System/Case/HB_15km/PrepCWRF/First_StaticData/FVC/modis_20000306_FVC_daily.nc
03-04 16:14:02 | INFO    |      ✓  Create FVC finished!
03-04 16:14:02 | INFO    |      ==========> Geog-Post-Process <==========
03-04 16:14:27 | INFO    |      -> GeogPostProcess Path: /hydata01/wumej22/CRESM_Preprocessing_System/Case/HB_15km/PrepCWRF/First_StaticData/GeogPostProcess/
03-04 16:14:27 | INFO    |      ✓  GeogPostProcess finished!
03-04 16:14:27 | INFO    |      ==========> Creating LAI Data <==========
03-04 16:14:47 | INFO    |      -> CoLM LAI Path: 
03-04 16:14:47 | INFO    |          /hydata01/wumej22/CRESM_Preprocessing_System/Case/HB_15km/PrepCWRF/First_StaticData/LAI/MODIS_LAI_init_regridder.nc
03-04 16:14:47 | INFO    |          /hydata01/wumej22/CRESM_Preprocessing_System/Case/HB_15km/PrepCWRF/First_StaticData/LAI/MODIS_LAI_ymonmean.nc
03-04 16:14:47 | INFO    |      ✓  Create LAI finished!
03-04 16:14:47 | INFO    |      ==========> Merging LAI <==========
03-04 16:14:47 | INFO    |      ✓  Merging LAI finished!
03-04 16:14:47 | INFO    |      -> MODIS LAI Path: /hydata01/wumej22/CRESM_Preprocessing_System/Case/HB_15km/PrepCWRF/First_StaticData/temp/MODIS_LAI_ymonmean.nc
03-04 16:14:47 | INFO    |      ==========> Creating IGBP Data <==========
03-04 16:14:55 | INFO    |      ✓  Create IGBP finished!
03-04 16:14:55 | INFO    |      -> MODIS IGBP Path: /hydata01/wumej22/CRESM_Preprocessing_System/Case/HB_15km/PrepCWRF/First_StaticData/IGBP/modis_20000101_IGBP_daily.nc
03-04 16:14:55 | INFO    |      ==========> Creating SAI Data <==========
03-04 16:15:01 | INFO    |      ✓  Create SAI finished!
03-04 16:15:01 | INFO    |      -> MODIS SAI Path: /hydata01/wumej22/CRESM_Preprocessing_System/Case/HB_15km/PrepCWRF/First_StaticData/SAI/MODIS_SAI_ymonmean.nc
03-04 16:15:01 | INFO    |      -> SAI and LAI Path:
03-04 16:15:01 | INFO    |          /hydata01/wumej22/CRESM_Preprocessing_System/Case/HB_15km/PrepCWRF/First_StaticData/SAI/sbcs/lai01
03-04 16:15:01 | INFO    |          /hydata01/wumej22/CRESM_Preprocessing_System/Case/HB_15km/PrepCWRF/First_StaticData/SAI/sbcs/lai02
03-04 16:15:01 | INFO    |          /hydata01/wumej22/CRESM_Preprocessing_System/Case/HB_15km/PrepCWRF/First_StaticData/SAI/sbcs/lai03
03-04 16:15:01 | INFO    |          /hydata01/wumej22/CRESM_Preprocessing_System/Case/HB_15km/PrepCWRF/First_StaticData/SAI/sbcs/lai04
03-04 16:15:01 | INFO    |          /hydata01/wumej22/CRESM_Preprocessing_System/Case/HB_15km/PrepCWRF/First_StaticData/SAI/sbcs/lai05
03-04 16:15:01 | INFO    |          /hydata01/wumej22/CRESM_Preprocessing_System/Case/HB_15km/PrepCWRF/First_StaticData/SAI/sbcs/lai06
03-04 16:15:01 | INFO    |          /hydata01/wumej22/CRESM_Preprocessing_System/Case/HB_15km/PrepCWRF/First_StaticData/SAI/sbcs/lai07
03-04 16:15:01 | INFO    |          /hydata01/wumej22/CRESM_Preprocessing_System/Case/HB_15km/PrepCWRF/First_StaticData/SAI/sbcs/lai08
03-04 16:15:01 | INFO    |          /hydata01/wumej22/CRESM_Preprocessing_System/Case/HB_15km/PrepCWRF/First_StaticData/SAI/sbcs/lai09
03-04 16:15:01 | INFO    |          /hydata01/wumej22/CRESM_Preprocessing_System/Case/HB_15km/PrepCWRF/First_StaticData/SAI/sbcs/lai10
03-04 16:15:01 | INFO    |          /hydata01/wumej22/CRESM_Preprocessing_System/Case/HB_15km/PrepCWRF/First_StaticData/SAI/sbcs/lai11
03-04 16:15:01 | INFO    |          /hydata01/wumej22/CRESM_Preprocessing_System/Case/HB_15km/PrepCWRF/First_StaticData/SAI/sbcs/lai12
03-04 16:15:01 | INFO    |          /hydata01/wumej22/CRESM_Preprocessing_System/Case/HB_15km/PrepCWRF/First_StaticData/SAI/sbcs/sai01
03-04 16:15:01 | INFO    |          /hydata01/wumej22/CRESM_Preprocessing_System/Case/HB_15km/PrepCWRF/First_StaticData/SAI/sbcs/sai02
03-04 16:15:01 | INFO    |          /hydata01/wumej22/CRESM_Preprocessing_System/Case/HB_15km/PrepCWRF/First_StaticData/SAI/sbcs/sai03
03-04 16:15:01 | INFO    |          /hydata01/wumej22/CRESM_Preprocessing_System/Case/HB_15km/PrepCWRF/First_StaticData/SAI/sbcs/sai04
03-04 16:15:01 | INFO    |          /hydata01/wumej22/CRESM_Preprocessing_System/Case/HB_15km/PrepCWRF/First_StaticData/SAI/sbcs/sai05
03-04 16:15:01 | INFO    |          /hydata01/wumej22/CRESM_Preprocessing_System/Case/HB_15km/PrepCWRF/First_StaticData/SAI/sbcs/sai06
03-04 16:15:01 | INFO    |          /hydata01/wumej22/CRESM_Preprocessing_System/Case/HB_15km/PrepCWRF/First_StaticData/SAI/sbcs/sai07
03-04 16:15:01 | INFO    |          /hydata01/wumej22/CRESM_Preprocessing_System/Case/HB_15km/PrepCWRF/First_StaticData/SAI/sbcs/sai08
03-04 16:15:01 | INFO    |          /hydata01/wumej22/CRESM_Preprocessing_System/Case/HB_15km/PrepCWRF/First_StaticData/SAI/sbcs/sai09
03-04 16:15:01 | INFO    |          /hydata01/wumej22/CRESM_Preprocessing_System/Case/HB_15km/PrepCWRF/First_StaticData/SAI/sbcs/sai10
03-04 16:15:01 | INFO    |          /hydata01/wumej22/CRESM_Preprocessing_System/Case/HB_15km/PrepCWRF/First_StaticData/SAI/sbcs/sai11
03-04 16:15:01 | INFO    |          /hydata01/wumej22/CRESM_Preprocessing_System/Case/HB_15km/PrepCWRF/First_StaticData/SAI/sbcs/sai12
03-04 16:15:01 | INFO    |      ==========> Collect GeogData <==========
03-04 16:15:01 | INFO    |      -> Geog ID: X[110]_Y[108]_dx[15000.000000]_dy[15000.000000]_lat[36.000000]_lon[117.000000]_tl1[31.000000]_tl2[42.000000]_slon[117.000000]_bw[15]_lk[0.500000]
03-04 16:15:01 | INFO    |      ◉  First_StaticData Complete!


03-04 16:15:01 | INFO    |  [PrepCWRF] *** Making ICBC ***
03-04 16:15:01 | INFO    |      ==========> Skip Ungrib <==========
03-04 16:15:01 | INFO    |      ==========> Skip Metgrid <==========
03-04 16:15:01 | INFO    |      ==========> Skip Real <==========
03-04 16:15:01 | INFO    |      ==========> Skip Vbs <==========
03-04 16:15:01 | INFO    |      !!! Skip the whole process !!!
03-04 16:15:01 | INFO    |      ◉  Third_ICBC Complete!


03-04 16:15:01 | INFO    |  [PrepCWRF] *** Copying CWRF Result ***
03-04 16:15:01 | INFO    |      ==========> Skip Copy PrepCWRF Result <==========
03-04 16:15:01 | INFO    |      !!! Skip the whole process !!!


03-04 16:15:01 | INFO    |  [PrepCoLM] *** Making Mesh grid file ***
03-04 16:15:01 | INFO    |      ==========> Skip GenMeshGrid <==========
03-04 16:15:01 | INFO    |      !!! Skip the whole process !!!
03-04 16:15:01 | WARNING |      File or Pattern not found: ./mesh_cwrf_HB_15km.nc
03-04 16:15:01 | WARNING |      mesh_cwrf_HB_15km.nc not found!
03-04 16:15:01 | INFO    |      ◉  Generate Mesh Grid Complete!


03-04 16:15:01 | INFO    |  [PrepCoLM] *** Making CoLM Surface data ***
03-04 16:15:01 | INFO    |      ==========> Skip MakeCoLMSrf <==========
03-04 16:15:01 | INFO    |      !!! Skip the whole process !!!
03-04 16:15:01 | INFO    |      ◉  Make CoLM Surface Data Complete!


03-04 16:15:01 | INFO    |  [PrepCoLM] *** Make CoLM Initial file ***
03-04 16:15:01 | INFO    |      ==========> Skip MakeCoLMIni <==========
03-04 16:15:01 | INFO    |      !!! Skip the whole process !!!
03-04 16:15:01 | INFO    |      ◉  CoLM Initialization Complete!


03-04 16:15:01 | INFO    |  [PrepCoLM] *** CoLM Run file ***
03-04 16:15:01 | INFO    |      ==========> Skip CoLMRun <==========
03-04 16:15:01 | INFO    |      !!! Skip the whole process !!!
03-04 16:15:01 | INFO    |      ◉  CoLM Temporary Run Complete!


03-04 16:15:01 | INFO    |  [PrepCoLM] *** Remap CoLM History ***
03-04 16:15:01 | INFO    |      ==========> Skip Remap History File <==========
03-04 16:15:01 | INFO    |      !!! Skip the whole process !!!
03-04 16:15:01 | INFO    |      ◉  Remap History File Complete!


03-04 16:15:01 | INFO    |  [PrepCoLM] *** Copying CoLM Result ***
03-04 16:15:01 | INFO    |      ==========> Skip Copy PrepCoLM Result <==========
03-04 16:15:01 | INFO    |      !!! Skip the whole process !!!
03-04 16:15:01 | INFO    |      ◉  Copy PrepCoLM Result Complete!


03-04 16:15:01 | INFO    |  [PrepCRESM] *** Making CRESM data ***
03-04 16:15:01 | INFO    |      ==========> Skip PrepCRESM <==========
03-04 16:15:01 | INFO    |      !!! Skip the whole process !!!
03-04 16:15:01 | INFO    |      ◉  Prepare For CPL7 Data Finished!
03-04 16:15:01 | INFO    |  [GatherData] *** Copying Result ***
03-04 16:15:01 | INFO    |      ==========> Skip Gather Data <==========
03-04 16:15:01 | INFO    |      !!! Skip the whole process !!!
03-04 16:15:01 | INFO    |      ◉  Gather Prep Data Complete!


03-04 16:15:01 | INFO    |  [PostProc] *** Cleaning Temporary Files ***
03-04 16:15:01 | INFO    |      ==========> Skip Clean Temporary Files <==========
03-04 16:15:01 | INFO    |      !!! Skip the whole process !!!
03-04 16:15:01 | INFO    |      ◉  Clean Temporary Files Complete!


03-04 16:15:01 | INFO    |  
03-04 16:15:01 | INFO    |        *********************************
03-04 16:15:01 | INFO    |          *** Successfully Finished ***  
03-04 16:15:01 | INFO    |        *********************************

03-04 16:15:01 | INFO    |  Elapsed time: 0 days 0 hours 1 minutes 17 seconds
